This is pdfTeX, Version 3.1415926-2.4-1.40.13 (MiKTeX 2.9) (preloaded format=pdflatex 2017.1.24)  26 APR 2017 12:45
entering extended mode
**thesis.tex
("F:\New Data\Thesis\ThesisTemplate 2.0.0\thesis.tex"
LaTeX2e <2011/06/27>
Babel <v3.8m> and hyphenation patterns for english, afrikaans, ancientgreek, ar
abic, armenian, assamese, basque, bengali, bokmal, bulgarian, catalan, coptic, 
croatian, czech, danish, dutch, esperanto, estonian, farsi, finnish, french, ga
lician, german, german-x-2012-05-30, greek, gujarati, hindi, hungarian, iceland
ic, indonesian, interlingua, irish, italian, kannada, kurmanji, latin, latvian,
 lithuanian, malayalam, marathi, mongolian, mongolianlmc, monogreek, ngerman, n
german-x-2012-05-30, nynorsk, oriya, panjabi, pinyin, polish, portuguese, roman
ian, russian, sanskrit, serbian, slovak, slovenian, spanish, swedish, swissgerm
an, tamil, telugu, turkish, turkmen, ukenglish, ukrainian, uppersorbian, usengl
ishmax, welsh, loaded.
("C:\Program Files (x86)\MiKTeX 2.9\tex\latex\base\report.cls"
Document Class: report 2007/10/19 v1.4h Standard LaTeX document class
("C:\Program Files (x86)\MiKTeX 2.9\tex\latex\base\size12.clo"
File: size12.clo 2007/10/19 v1.4h Standard LaTeX file (size option)
)
\c@part=\count79
\c@chapter=\count80
\c@section=\count81
\c@subsection=\count82
\c@subsubsection=\count83
\c@paragraph=\count84
\c@subparagraph=\count85
\c@figure=\count86
\c@table=\count87
\abovecaptionskip=\skip41
\belowcaptionskip=\skip42
\bibindent=\dimen102
)
("C:\Program Files (x86)\MiKTeX 2.9\tex\latex\base\inputenc.sty"
Package: inputenc 2008/03/30 v1.1d Input encoding file
\inpenc@prehook=\toks14
\inpenc@posthook=\toks15

("C:\Program Files (x86)\MiKTeX 2.9\tex\latex\base\utf8.def"
File: utf8.def 2008/04/05 v1.1m UTF-8 support for inputenc
Now handling font encoding OML ...
... no UTF-8 mapping file for font encoding OML
Now handling font encoding T1 ...
... processing UTF-8 mapping file for font encoding T1

("C:\Program Files (x86)\MiKTeX 2.9\tex\latex\base\t1enc.dfu"
File: t1enc.dfu 2008/04/05 v1.1m UTF-8 support for inputenc
   defining Unicode char U+00A1 (decimal 161)
   defining Unicode char U+00A3 (decimal 163)
   defining Unicode char U+00AB (decimal 171)
   defining Unicode char U+00BB (decimal 187)
   defining Unicode char U+00BF (decimal 191)
   defining Unicode char U+00C0 (decimal 192)
   defining Unicode char U+00C1 (decimal 193)
   defining Unicode char U+00C2 (decimal 194)
   defining Unicode char U+00C3 (decimal 195)
   defining Unicode char U+00C4 (decimal 196)
   defining Unicode char U+00C5 (decimal 197)
   defining Unicode char U+00C6 (decimal 198)
   defining Unicode char U+00C7 (decimal 199)
   defining Unicode char U+00C8 (decimal 200)
   defining Unicode char U+00C9 (decimal 201)
   defining Unicode char U+00CA (decimal 202)
   defining Unicode char U+00CB (decimal 203)
   defining Unicode char U+00CC (decimal 204)
   defining Unicode char U+00CD (decimal 205)
   defining Unicode char U+00CE (decimal 206)
   defining Unicode char U+00CF (decimal 207)
   defining Unicode char U+00D0 (decimal 208)
   defining Unicode char U+00D1 (decimal 209)
   defining Unicode char U+00D2 (decimal 210)
   defining Unicode char U+00D3 (decimal 211)
   defining Unicode char U+00D4 (decimal 212)
   defining Unicode char U+00D5 (decimal 213)
   defining Unicode char U+00D6 (decimal 214)
   defining Unicode char U+00D8 (decimal 216)
   defining Unicode char U+00D9 (decimal 217)
   defining Unicode char U+00DA (decimal 218)
   defining Unicode char U+00DB (decimal 219)
   defining Unicode char U+00DC (decimal 220)
   defining Unicode char U+00DD (decimal 221)
   defining Unicode char U+00DE (decimal 222)
   defining Unicode char U+00DF (decimal 223)
   defining Unicode char U+00E0 (decimal 224)
   defining Unicode char U+00E1 (decimal 225)
   defining Unicode char U+00E2 (decimal 226)
   defining Unicode char U+00E3 (decimal 227)
   defining Unicode char U+00E4 (decimal 228)
   defining Unicode char U+00E5 (decimal 229)
   defining Unicode char U+00E6 (decimal 230)
   defining Unicode char U+00E7 (decimal 231)
   defining Unicode char U+00E8 (decimal 232)
   defining Unicode char U+00E9 (decimal 233)
   defining Unicode char U+00EA (decimal 234)
   defining Unicode char U+00EB (decimal 235)
   defining Unicode char U+00EC (decimal 236)
   defining Unicode char U+00ED (decimal 237)
   defining Unicode char U+00EE (decimal 238)
   defining Unicode char U+00EF (decimal 239)
   defining Unicode char U+00F0 (decimal 240)
   defining Unicode char U+00F1 (decimal 241)
   defining Unicode char U+00F2 (decimal 242)
   defining Unicode char U+00F3 (decimal 243)
   defining Unicode char U+00F4 (decimal 244)
   defining Unicode char U+00F5 (decimal 245)
   defining Unicode char U+00F6 (decimal 246)
   defining Unicode char U+00F8 (decimal 248)
   defining Unicode char U+00F9 (decimal 249)
   defining Unicode char U+00FA (decimal 250)
   defining Unicode char U+00FB (decimal 251)
   defining Unicode char U+00FC (decimal 252)
   defining Unicode char U+00FD (decimal 253)
   defining Unicode char U+00FE (decimal 254)
   defining Unicode char U+00FF (decimal 255)
   defining Unicode char U+0102 (decimal 258)
   defining Unicode char U+0103 (decimal 259)
   defining Unicode char U+0104 (decimal 260)
   defining Unicode char U+0105 (decimal 261)
   defining Unicode char U+0106 (decimal 262)
   defining Unicode char U+0107 (decimal 263)
   defining Unicode char U+010C (decimal 268)
   defining Unicode char U+010D (decimal 269)
   defining Unicode char U+010E (decimal 270)
   defining Unicode char U+010F (decimal 271)
   defining Unicode char U+0110 (decimal 272)
   defining Unicode char U+0111 (decimal 273)
   defining Unicode char U+0118 (decimal 280)
   defining Unicode char U+0119 (decimal 281)
   defining Unicode char U+011A (decimal 282)
   defining Unicode char U+011B (decimal 283)
   defining Unicode char U+011E (decimal 286)
   defining Unicode char U+011F (decimal 287)
   defining Unicode char U+0130 (decimal 304)
   defining Unicode char U+0131 (decimal 305)
   defining Unicode char U+0132 (decimal 306)
   defining Unicode char U+0133 (decimal 307)
   defining Unicode char U+0139 (decimal 313)
   defining Unicode char U+013A (decimal 314)
   defining Unicode char U+013D (decimal 317)
   defining Unicode char U+013E (decimal 318)
   defining Unicode char U+0141 (decimal 321)
   defining Unicode char U+0142 (decimal 322)
   defining Unicode char U+0143 (decimal 323)
   defining Unicode char U+0144 (decimal 324)
   defining Unicode char U+0147 (decimal 327)
   defining Unicode char U+0148 (decimal 328)
   defining Unicode char U+014A (decimal 330)
   defining Unicode char U+014B (decimal 331)
   defining Unicode char U+0150 (decimal 336)
   defining Unicode char U+0151 (decimal 337)
   defining Unicode char U+0152 (decimal 338)
   defining Unicode char U+0153 (decimal 339)
   defining Unicode char U+0154 (decimal 340)
   defining Unicode char U+0155 (decimal 341)
   defining Unicode char U+0158 (decimal 344)
   defining Unicode char U+0159 (decimal 345)
   defining Unicode char U+015A (decimal 346)
   defining Unicode char U+015B (decimal 347)
   defining Unicode char U+015E (decimal 350)
   defining Unicode char U+015F (decimal 351)
   defining Unicode char U+0160 (decimal 352)
   defining Unicode char U+0161 (decimal 353)
   defining Unicode char U+0162 (decimal 354)
   defining Unicode char U+0163 (decimal 355)
   defining Unicode char U+0164 (decimal 356)
   defining Unicode char U+0165 (decimal 357)
   defining Unicode char U+016E (decimal 366)
   defining Unicode char U+016F (decimal 367)
   defining Unicode char U+0170 (decimal 368)
   defining Unicode char U+0171 (decimal 369)
   defining Unicode char U+0178 (decimal 376)
   defining Unicode char U+0179 (decimal 377)
   defining Unicode char U+017A (decimal 378)
   defining Unicode char U+017B (decimal 379)
   defining Unicode char U+017C (decimal 380)
   defining Unicode char U+017D (decimal 381)
   defining Unicode char U+017E (decimal 382)
   defining Unicode char U+200C (decimal 8204)
   defining Unicode char U+2013 (decimal 8211)
   defining Unicode char U+2014 (decimal 8212)
   defining Unicode char U+2018 (decimal 8216)
   defining Unicode char U+2019 (decimal 8217)
   defining Unicode char U+201A (decimal 8218)
   defining Unicode char U+201C (decimal 8220)
   defining Unicode char U+201D (decimal 8221)
   defining Unicode char U+201E (decimal 8222)
   defining Unicode char U+2030 (decimal 8240)
   defining Unicode char U+2031 (decimal 8241)
   defining Unicode char U+2039 (decimal 8249)
   defining Unicode char U+203A (decimal 8250)
   defining Unicode char U+2423 (decimal 9251)
)
Now handling font encoding OT1 ...
... processing UTF-8 mapping file for font encoding OT1

("C:\Program Files (x86)\MiKTeX 2.9\tex\latex\base\ot1enc.dfu"
File: ot1enc.dfu 2008/04/05 v1.1m UTF-8 support for inputenc
   defining Unicode char U+00A1 (decimal 161)
   defining Unicode char U+00A3 (decimal 163)
   defining Unicode char U+00B8 (decimal 184)
   defining Unicode char U+00BF (decimal 191)
   defining Unicode char U+00C5 (decimal 197)
   defining Unicode char U+00C6 (decimal 198)
   defining Unicode char U+00D8 (decimal 216)
   defining Unicode char U+00DF (decimal 223)
   defining Unicode char U+00E6 (decimal 230)
   defining Unicode char U+00EC (decimal 236)
   defining Unicode char U+00ED (decimal 237)
   defining Unicode char U+00EE (decimal 238)
   defining Unicode char U+00EF (decimal 239)
   defining Unicode char U+00F8 (decimal 248)
   defining Unicode char U+0131 (decimal 305)
   defining Unicode char U+0141 (decimal 321)
   defining Unicode char U+0142 (decimal 322)
   defining Unicode char U+0152 (decimal 338)
   defining Unicode char U+0153 (decimal 339)
   defining Unicode char U+2013 (decimal 8211)
   defining Unicode char U+2014 (decimal 8212)
   defining Unicode char U+2018 (decimal 8216)
   defining Unicode char U+2019 (decimal 8217)
   defining Unicode char U+201C (decimal 8220)
   defining Unicode char U+201D (decimal 8221)
)
Now handling font encoding OMS ...
... processing UTF-8 mapping file for font encoding OMS

("C:\Program Files (x86)\MiKTeX 2.9\tex\latex\base\omsenc.dfu"
File: omsenc.dfu 2008/04/05 v1.1m UTF-8 support for inputenc
   defining Unicode char U+00A7 (decimal 167)
   defining Unicode char U+00B6 (decimal 182)
   defining Unicode char U+00B7 (decimal 183)
   defining Unicode char U+2020 (decimal 8224)
   defining Unicode char U+2021 (decimal 8225)
   defining Unicode char U+2022 (decimal 8226)
)
Now handling font encoding OMX ...
... no UTF-8 mapping file for font encoding OMX
Now handling font encoding U ...
... no UTF-8 mapping file for font encoding U
   defining Unicode char U+00A9 (decimal 169)
   defining Unicode char U+00AA (decimal 170)
   defining Unicode char U+00AE (decimal 174)
   defining Unicode char U+00BA (decimal 186)
   defining Unicode char U+02C6 (decimal 710)
   defining Unicode char U+02DC (decimal 732)
   defining Unicode char U+200C (decimal 8204)
   defining Unicode char U+2026 (decimal 8230)
   defining Unicode char U+2122 (decimal 8482)
   defining Unicode char U+2423 (decimal 9251)
))
("C:\Program Files (x86)\MiKTeX 2.9\tex\generic\babel\babel.sty"
Package: babel 2008/07/08 v3.8m The Babel package

*************************************
* Local config file bblopts.cfg used
*
("C:\Program Files (x86)\MiKTeX 2.9\tex\latex\00miktex\bblopts.cfg"
File: bblopts.cfg 2006/07/31 v1.0 MiKTeX 'babel' configuration
)
("C:\Program Files (x86)\MiKTeX 2.9\tex\latex\babel-english\english.ldf"
Language: english 2012/08/20 v3.3p English support from the babel system

("C:\Program Files (x86)\MiKTeX 2.9\tex\generic\babel\babel.def"
File: babel.def 2008/07/08 v3.8m Babel common definitions
\babel@savecnt=\count88
\U@D=\dimen103
)
\l@canadian = a dialect from \language\l@american 
\l@australian = a dialect from \language\l@british 
\l@newzealand = a dialect from \language\l@british 
))
("C:\Program Files (x86)\MiKTeX 2.9\tex\latex\psnfss\times.sty"
Package: times 2005/04/12 PSNFSS-v9.2a (SPQR) 
)
("C:\Program Files (x86)\MiKTeX 2.9\tex\latex\float\float.sty"
Package: float 2001/11/08 v1.3d Float enhancements (AL)
\c@float@type=\count89
\float@exts=\toks16
\float@box=\box26
\@float@everytoks=\toks17
\@floatcapt=\box27
)
("C:\Program Files (x86)\MiKTeX 2.9\tex\latex\graphics\graphicx.sty"
Package: graphicx 1999/02/16 v1.0f Enhanced LaTeX Graphics (DPC,SPQR)

("C:\Program Files (x86)\MiKTeX 2.9\tex\latex\graphics\keyval.sty"
Package: keyval 1999/03/16 v1.13 key=value parser (DPC)
\KV@toks@=\toks18
)
("C:\Program Files (x86)\MiKTeX 2.9\tex\latex\graphics\graphics.sty"
Package: graphics 2009/02/05 v1.0o Standard LaTeX Graphics (DPC,SPQR)

("C:\Program Files (x86)\MiKTeX 2.9\tex\latex\graphics\trig.sty"
Package: trig 1999/03/16 v1.09 sin cos tan (DPC)
)
("C:\Program Files (x86)\MiKTeX 2.9\tex\latex\00miktex\graphics.cfg"
File: graphics.cfg 2007/01/18 v1.5 graphics configuration of teTeX/TeXLive
)
Package graphics Info: Driver file: pdftex.def on input line 91.

("C:\Program Files (x86)\MiKTeX 2.9\tex\latex\pdftex-def\pdftex.def"
File: pdftex.def 2011/05/27 v0.06d Graphics/color for pdfTeX

("C:\Program Files (x86)\MiKTeX 2.9\tex\generic\oberdiek\infwarerr.sty"
Package: infwarerr 2010/04/08 v1.3 Providing info/warning/error messages (HO)
)
("C:\Program Files (x86)\MiKTeX 2.9\tex\generic\oberdiek\ltxcmds.sty"
Package: ltxcmds 2011/11/09 v1.22 LaTeX kernel commands for general use (HO)
)
\Gread@gobject=\count90
))
\Gin@req@height=\dimen104
\Gin@req@width=\dimen105
)
("C:\Program Files (x86)\MiKTeX 2.9\tex\latex\fancyhdr\fancyhdr.sty"
\fancy@headwidth=\skip43
\f@ncyO@elh=\skip44
\f@ncyO@erh=\skip45
\f@ncyO@olh=\skip46
\f@ncyO@orh=\skip47
\f@ncyO@elf=\skip48
\f@ncyO@erf=\skip49
\f@ncyO@olf=\skip50
\f@ncyO@orf=\skip51
)
("C:\Program Files (x86)\MiKTeX 2.9\tex\latex\lipsum\lipsum.sty"
Package: lipsum 2014/07/27 v1.3 150 paragraphs of Lorem Ipsum dummy text
\c@lips@count=\count91
)
("C:\Program Files (x86)\MiKTeX 2.9\tex\latex\oberdiek\pdflscape.sty"
Package: pdflscape 2008/08/11 v0.10 Display of landscape pages in PDF (HO)

("C:\Program Files (x86)\MiKTeX 2.9\tex\latex\graphics\lscape.sty"
Package: lscape 2000/10/22 v3.01 Landscape Pages (DPC)
)
("C:\Program Files (x86)\MiKTeX 2.9\tex\generic\oberdiek\ifpdf.sty"
Package: ifpdf 2011/01/30 v2.3 Provides the ifpdf switch (HO)
Package ifpdf Info: pdfTeX in PDF mode is detected.
)
Package pdflscape Info: Auto-detected driver: pdftex on input line 80.

("C:\Program Files (x86)\MiKTeX 2.9\tex\generic\ifxetex\ifxetex.sty"
Package: ifxetex 2010/09/12 v0.6 Provides ifxetex conditional
))
("C:\Program Files (x86)\MiKTeX 2.9\tex\latex\comment\comment.sty"
\CommentStream=\write3

Excluding comment 'comment')
("C:\Program Files (x86)\MiKTeX 2.9\tex\latex\tools\verbatim.sty"
Package: verbatim 2003/08/22 v1.5q LaTeX2e package for verbatim enhancements
\every@verbatim=\toks19
\verbatim@line=\toks20
\verbatim@in@stream=\read1
)
("C:\Program Files (x86)\MiKTeX 2.9\tex\latex\tocloft\tocloft.sty"
Package: tocloft 2013/05/02 v2.3f parameterised ToC, etc., typesetting
Package tocloft Info: The document has chapter divisions on input line 44.
\cftparskip=\skip52
\cftbeforetoctitleskip=\skip53
\cftaftertoctitleskip=\skip54
\cftbeforepartskip=\skip55
\cftpartnumwidth=\skip56
\cftpartindent=\skip57
\cftbeforechapskip=\skip58
\cftchapindent=\skip59
\cftchapnumwidth=\skip60
\cftbeforesecskip=\skip61
\cftsecindent=\skip62
\cftsecnumwidth=\skip63
\cftbeforesubsecskip=\skip64
\cftsubsecindent=\skip65
\cftsubsecnumwidth=\skip66
\cftbeforesubsubsecskip=\skip67
\cftsubsubsecindent=\skip68
\cftsubsubsecnumwidth=\skip69
\cftbeforeparaskip=\skip70
\cftparaindent=\skip71
\cftparanumwidth=\skip72
\cftbeforesubparaskip=\skip73
\cftsubparaindent=\skip74
\cftsubparanumwidth=\skip75
\cftbeforeloftitleskip=\skip76
\cftafterloftitleskip=\skip77
\cftbeforefigskip=\skip78
\cftfigindent=\skip79
\cftfignumwidth=\skip80
\c@lofdepth=\count92
\c@lotdepth=\count93
\cftbeforelottitleskip=\skip81
\cftafterlottitleskip=\skip82
\cftbeforetabskip=\skip83
\cfttabindent=\skip84
\cfttabnumwidth=\skip85
)
("C:\Program Files (x86)\MiKTeX 2.9\tex\latex\amsmath\amsmath.sty"
Package: amsmath 2013/01/14 v2.14 AMS math features
\@mathmargin=\skip86

For additional information on amsmath, use the `?' option.
("C:\Program Files (x86)\MiKTeX 2.9\tex\latex\amsmath\amstext.sty"
Package: amstext 2000/06/29 v2.01

("C:\Program Files (x86)\MiKTeX 2.9\tex\latex\amsmath\amsgen.sty"
File: amsgen.sty 1999/11/30 v2.0
\@emptytoks=\toks21
\ex@=\dimen106
))
("C:\Program Files (x86)\MiKTeX 2.9\tex\latex\amsmath\amsbsy.sty"
Package: amsbsy 1999/11/29 v1.2d
\pmbraise@=\dimen107
)
("C:\Program Files (x86)\MiKTeX 2.9\tex\latex\amsmath\amsopn.sty"
Package: amsopn 1999/12/14 v2.01 operator names
)
\inf@bad=\count94
LaTeX Info: Redefining \frac on input line 210.
\uproot@=\count95
\leftroot@=\count96
LaTeX Info: Redefining \overline on input line 306.
\classnum@=\count97
\DOTSCASE@=\count98
LaTeX Info: Redefining \ldots on input line 378.
LaTeX Info: Redefining \dots on input line 381.
LaTeX Info: Redefining \cdots on input line 466.
\Mathstrutbox@=\box28
\strutbox@=\box29
\big@size=\dimen108
LaTeX Font Info:    Redeclaring font encoding OML on input line 566.
LaTeX Font Info:    Redeclaring font encoding OMS on input line 567.
\macc@depth=\count99
\c@MaxMatrixCols=\count100
\dotsspace@=\muskip10
\c@parentequation=\count101
\dspbrk@lvl=\count102
\tag@help=\toks22
\row@=\count103
\column@=\count104
\maxfields@=\count105
\andhelp@=\toks23
\eqnshift@=\dimen109
\alignsep@=\dimen110
\tagshift@=\dimen111
\tagwidth@=\dimen112
\totwidth@=\dimen113
\lineht@=\dimen114
\@envbody=\toks24
\multlinegap=\skip87
\multlinetaggap=\skip88
\mathdisplay@stack=\toks25
LaTeX Info: Redefining \[ on input line 2665.
LaTeX Info: Redefining \] on input line 2666.
)
("C:\Program Files (x86)\MiKTeX 2.9\tex\latex\geometry\geometry.sty"
Package: geometry 2010/09/12 v5.6 Page Geometry

("C:\Program Files (x86)\MiKTeX 2.9\tex\generic\oberdiek\ifvtex.sty"
Package: ifvtex 2010/03/01 v1.5 Detect VTeX and its facilities (HO)
Package ifvtex Info: VTeX not detected.
)
\Gm@cnth=\count106
\Gm@cntv=\count107
\c@Gm@tempcnt=\count108
\Gm@bindingoffset=\dimen115
\Gm@wd@mp=\dimen116
\Gm@odd@mp=\dimen117
\Gm@even@mp=\dimen118
\Gm@layoutwidth=\dimen119
\Gm@layoutheight=\dimen120
\Gm@layouthoffset=\dimen121
\Gm@layoutvoffset=\dimen122
\Gm@dimlist=\toks26

("C:\Program Files (x86)\MiKTeX 2.9\tex\latex\geometry\geometry.cfg"))
("C:\Program Files (x86)\MiKTeX 2.9\tex\latex\setspace\setspace.sty"
Package: setspace 2011/12/19 v6.7a set line spacing
)
("C:\Program Files (x86)\MiKTeX 2.9\tex\latex\titlesec\titlesec.sty"
Package: titlesec 2016/03/21 v2.10.2 Sectioning titles
\ttl@box=\box30
\beforetitleunit=\skip89
\aftertitleunit=\skip90
\ttl@plus=\dimen123
\ttl@minus=\dimen124
\ttl@toksa=\toks27
\titlewidth=\dimen125
\titlewidthlast=\dimen126
\titlewidthfirst=\dimen127
)
("C:\Program Files (x86)\MiKTeX 2.9\tex\latex\enumitem\enumitem.sty"
Package: enumitem 2011/09/28 v3.5.2 Customized lists
\labelindent=\skip91
\enit@outerparindent=\dimen128
\enit@toks=\toks28
\enit@inbox=\box31
\enitdp@description=\count109
)
("C:\Program Files (x86)\MiKTeX 2.9\tex\latex\sectsty\sectsty.sty"
Package: sectsty 2002/02/25 v2.0.2 Commands to change all sectional heading sty
les
)
("C:\Program Files (x86)\MiKTeX 2.9\tex\latex\tools\array.sty"
Package: array 2008/09/09 v2.4c Tabular extension package (FMi)
\col@sep=\dimen129
\extrarowheight=\dimen130
\NC@list=\toks29
\extratabsurround=\skip92
\backup@length=\skip93
)
("C:\Program Files (x86)\MiKTeX 2.9\tex\latex\multirow\multirow.sty"
\bigstrutjot=\dimen131
)
("C:\Program Files (x86)\MiKTeX 2.9\tex\latex\xcolor\xcolor.sty"
Package: xcolor 2007/01/21 v2.11 LaTeX color extensions (UK)

("C:\Program Files (x86)\MiKTeX 2.9\tex\latex\00miktex\color.cfg"
File: color.cfg 2007/01/18 v1.5 color configuration of teTeX/TeXLive
)
Package xcolor Info: Driver file: pdftex.def on input line 225.

("C:\Program Files (x86)\MiKTeX 2.9\tex\latex\colortbl\colortbl.sty"
Package: colortbl 2012/02/13 v1.0a Color table columns (DPC)
\everycr=\toks30
\minrowclearance=\skip94
)
\rownum=\count110
Package xcolor Info: Model `cmy' substituted by `cmy0' on input line 1337.
Package xcolor Info: Model `hsb' substituted by `rgb' on input line 1341.
Package xcolor Info: Model `RGB' extended on input line 1353.
Package xcolor Info: Model `HTML' substituted by `rgb' on input line 1355.
Package xcolor Info: Model `Hsb' substituted by `hsb' on input line 1356.
Package xcolor Info: Model `tHsb' substituted by `hsb' on input line 1357.
Package xcolor Info: Model `HSB' substituted by `hsb' on input line 1358.
Package xcolor Info: Model `Gray' substituted by `gray' on input line 1359.
Package xcolor Info: Model `wave' substituted by `hsb' on input line 1360.
)
("C:\Program Files (x86)\MiKTeX 2.9\tex\latex\tools\indentfirst.sty"
Package: indentfirst 1995/11/23 v1.03 Indent first paragraph (DPC)
)
("C:\Program Files (x86)\MiKTeX 2.9\tex\latex\ltxmisc\url.sty"
\Urlmuskip=\muskip11
Package: url 2006/04/12  ver 3.3  Verb mode for urls, etc.
)
("C:\Program Files (x86)\MiKTeX 2.9\tex\latex\glossaries\base\glossaries.sty"
Package: glossaries 2017/01/19 v4.29 (NLCT)

("C:\Program Files (x86)\MiKTeX 2.9\tex\latex\base\ifthen.sty"
Package: ifthen 2001/05/26 v1.1c Standard LaTeX ifthen package (DPC)
)
("C:\Program Files (x86)\MiKTeX 2.9\tex\latex\xkeyval\xkeyval.sty"
Package: xkeyval 2012/10/14 v2.6b package option processing (HA)

("C:\Program Files (x86)\MiKTeX 2.9\tex\generic\xkeyval\xkeyval.tex"
\XKV@toks=\toks31
\XKV@tempa@toks=\toks32
\XKV@depth=\count111
File: xkeyval.tex 2012/10/14 v2.6b key=value parser (HA)
))
("C:\Program Files (x86)\MiKTeX 2.9\tex\latex\mfirstuc\mfirstuc.sty"
Package: mfirstuc 2016/07/31 v2.04 (NLCT)

("C:\Program Files (x86)\MiKTeX 2.9\tex\latex\etoolbox\etoolbox.sty"
Package: etoolbox 2015/08/02 v2.2a e-TeX tools for LaTeX (JAW)

("C:\Program Files (x86)\MiKTeX 2.9\tex\latex\misc\etex.sty"
Package: etex 1998/03/26 v2.0 eTeX basic definition package (PEB)
\et@xins=\count112
)
\etb@tempcnta=\count113
)
\@glsmfirst=\toks33
\@glsmrest=\toks34
)
("C:\Program Files (x86)\MiKTeX 2.9\tex\latex\textcase\textcase.sty"
Package: textcase 2004/10/07 v0.07 Text only upper/lower case changing (DPC)
)
("C:\Program Files (x86)\MiKTeX 2.9\tex\latex\xfor\xfor.sty"
Package: xfor 2009/02/05 v1.05 (NLCT)
)
("C:\Program Files (x86)\MiKTeX 2.9\tex\latex\datatool\datatool-base.sty"
Package: datatool-base 2016/07/28 v2.27 (NLCT)

("C:\Program Files (x86)\MiKTeX 2.9\tex\latex\substr\substr.sty"
Package: substr 2009/10/20 v1.2 Handle substrings
\c@su@anzahl=\count114
)
("C:\Program Files (x86)\MiKTeX 2.9\tex\latex\datatool\datatool-fp.sty"
Package: datatool-fp 2016/07/28 v2.27 (NLCT)

("C:\Program Files (x86)\MiKTeX 2.9\tex\latex\fp\fp.sty"
Package: fp 1995/04/02

`Fixed Point Package', Version 0.8, April 2, 1995 (C) Michael Mehlich
("C:\Program Files (x86)\MiKTeX 2.9\tex\latex\fp\defpattern.sty"
Package: defpattern 1994/10/12
\actioncount=\count115
)
("C:\Program Files (x86)\MiKTeX 2.9\tex\latex\fp\fp-basic.sty"
Package: fp-basic 1996/05/13
\FP@xs=\count116
\FP@xia=\count117
\FP@xib=\count118
\FP@xfa=\count119
\FP@xfb=\count120
\FP@rega=\count121
\FP@regb=\count122
\FP@regs=\count123
\FP@times=\count124
)
("C:\Program Files (x86)\MiKTeX 2.9\tex\latex\fp\fp-addons.sty"
Package: fp-addons 1995/03/15
)
("C:\Program Files (x86)\MiKTeX 2.9\tex\latex\fp\fp-snap.sty"
Package: fp-snap 1995/04/05
)
("C:\Program Files (x86)\MiKTeX 2.9\tex\latex\fp\fp-exp.sty"
Package: fp-exp 1995/04/03
)
("C:\Program Files (x86)\MiKTeX 2.9\tex\latex\fp\fp-trigo.sty"
Package: fp-trigo 1995/04/14
)
("C:\Program Files (x86)\MiKTeX 2.9\tex\latex\fp\fp-pas.sty"
Package: fp-pas 1994/08/29
)
("C:\Program Files (x86)\MiKTeX 2.9\tex\latex\fp\fp-random.sty"
Package: fp-random 1995/02/23
\FPseed=\count125
)
("C:\Program Files (x86)\MiKTeX 2.9\tex\latex\fp\fp-eqn.sty"
Package: fp-eqn 1995/04/03
)
("C:\Program Files (x86)\MiKTeX 2.9\tex\latex\fp\fp-upn.sty"
Package: fp-upn 1996/10/21
)
("C:\Program Files (x86)\MiKTeX 2.9\tex\latex\fp\fp-eval.sty"
Package: fp-eval 1995/04/03
)))
\@dtl@toks=\toks35
\@dtl@tmpcount=\count126
\dtl@tmplength=\skip95
\dtl@sortresult=\count127
\@dtl@numgrpsepcount=\count128
\@dtl@datatype=\count129
\dtl@codeA=\count130
\dtl@codeB=\count131
\@dtl@foreach@level=\count132
)
("C:\Program Files (x86)\MiKTeX 2.9\tex\latex\glossaries\base\glossaries-compat
ible-307.sty"
Package: glossaries-compatible-307 2017/01/19 v4.29 (NLCT)
)
("C:\Program Files (x86)\MiKTeX 2.9\tex\latex\tracklang\tracklang.sty"
Package: tracklang 2017/03/25 v1.3.4 (NLCT) Track Languages

("C:\Program Files (x86)\MiKTeX 2.9\tex\generic\tracklang\tracklang.tex")
Package tracklang Info: babel loaded but \bbl@loaded not defined. Will attempt 
to track known languages. on input line 178.
)
("C:\Program Files (x86)\MiKTeX 2.9\tex\latex\beamer\base\translator\translator
.sty"
Package: translator 2010/06/12 ver 1.10

("C:\Program Files (x86)\MiKTeX 2.9\tex\latex\beamer\base\translator\translator
-language-mappings.tex"))
("C:\Program Files (x86)\MiKTeX 2.9\tex\latex\glossaries-english\glossaries-eng
lish.ldf"
File: glossaries-english.ldf 2014/11/23 v1.0
)
\gls@level=\count133
\@gls@tmpb=\toks36
\gls@tmplen=\skip96
\glskeylisttok=\toks37
\glslabeltok=\toks38
\glsshorttok=\toks39
\glslongtok=\toks40
 ("C:\Program Files (x86)\MiKTeX 2.9\tex\latex\glossary-hypernav.sty"
Package: glossary-hypernav 2015/09/09 v4.18 (NLCT)
) ("C:\Program Files (x86)\MiKTeX 2.9\tex\latex\glossary-list.sty"
Package: glossary-list 2015/09/09 v4.18 (NLCT)
\glslistdottedwidth=\skip97
)
("C:\Program Files (x86)\MiKTeX 2.9\tex\latex\glossary-long.sty"
Package: glossary-long 2015/09/09 v4.18 (NLCT)

("C:\Program Files (x86)\MiKTeX 2.9\tex\latex\tools\longtable.sty"
Package: longtable 2004/02/01 v4.11 Multi-page Table package (DPC)
\LTleft=\skip98
\LTright=\skip99
\LTpre=\skip100
\LTpost=\skip101
\LTchunksize=\count134
\LTcapwidth=\dimen132
\LT@head=\box32
\LT@firsthead=\box33
\LT@foot=\box34
\LT@lastfoot=\box35
\LT@cols=\count135
\LT@rows=\count136
\c@LT@tables=\count137
\c@LT@chunks=\count138
\LT@p@ftn=\toks41
)
\glsdescwidth=\skip102
\glspagelistwidth=\skip103
)
("C:\Program Files (x86)\MiKTeX 2.9\tex\latex\glossary-super.sty"
Package: glossary-super 2015/09/09 v4.18 (NLCT)

("C:\Program Files (x86)\MiKTeX 2.9\tex\latex\supertabular\supertabular.sty"
Package: supertabular 2004/02/20 v4.1e the supertabular environment
\c@tracingst=\count139
\ST@wd=\dimen133
\ST@rightskip=\skip104
\ST@leftskip=\skip105
\ST@parfillskip=\skip106
\ST@pageleft=\dimen134
\ST@headht=\dimen135
\ST@tailht=\dimen136
\ST@pagesofar=\dimen137
\ST@pboxht=\dimen138
\ST@lineht=\dimen139
\ST@stretchht=\dimen140
\ST@prevht=\dimen141
\ST@toadd=\dimen142
\ST@dimen=\dimen143
\ST@pbox=\box36
))
("C:\Program Files (x86)\MiKTeX 2.9\tex\latex\glossary-tree.sty"
Package: glossary-tree 2015/09/09 v4.18 (NLCT)
\glstreeindent=\skip107
))
("C:\Program Files (x86)\MiKTeX 2.9\tex\latex\acronym\acronym.sty"
Package: acronym 2015/03/21 v1.41 Support for acronyms (Tobias Oetiker)

("C:\Program Files (x86)\MiKTeX 2.9\tex\latex\bigfoot\suffix.sty"
Package: suffix 2006/07/15 1.5a Variant command support
)
("C:\Program Files (x86)\MiKTeX 2.9\tex\latex\xstring\xstring.sty"
("C:\Program Files (x86)\MiKTeX 2.9\tex\generic\xstring\xstring.tex"
\@xs@message=\write4
\integerpart=\count140
\decimalpart=\count141
)
Package: xstring 2013/10/13  v1.7c  String manipulations (C Tellechea)
)
\AC@clearlist=\toks42
)
\glswrite=\write5
\glo@main@file=\write6
Package glossaries Info: Writing glossary file thesis.glo on input line 100.
\glo@acronym@file=\write7
Package glossaries Info: Writing glossary file thesis.acn on input line 100.

("F:\New Data\Thesis\ThesisTemplate 2.0.0\glossary.tex")
("F:\New Data\Thesis\ThesisTemplate 2.0.0\thesis.aux"

LaTeX Warning: Label `tab: ComUCDiagram' multiply defined.

)
LaTeX Font Info:    Checking defaults for OML/cmm/m/it on input line 103.
LaTeX Font Info:    ... okay on input line 103.
LaTeX Font Info:    Checking defaults for T1/cmr/m/n on input line 103.
LaTeX Font Info:    ... okay on input line 103.
LaTeX Font Info:    Checking defaults for OT1/cmr/m/n on input line 103.
LaTeX Font Info:    ... okay on input line 103.
LaTeX Font Info:    Checking defaults for OMS/cmsy/m/n on input line 103.
LaTeX Font Info:    ... okay on input line 103.
LaTeX Font Info:    Checking defaults for OMX/cmex/m/n on input line 103.
LaTeX Font Info:    ... okay on input line 103.
LaTeX Font Info:    Checking defaults for U/cmr/m/n on input line 103.
LaTeX Font Info:    ... okay on input line 103.
LaTeX Font Info:    Try loading font information for OT1+ptm on input line 103.

 ("C:\Program Files (x86)\MiKTeX 2.9\tex\latex\psnfss\ot1ptm.fd"
File: ot1ptm.fd 2001/06/04 font definitions for OT1/ptm.
)
("C:\Program Files (x86)\MiKTeX 2.9\tex\context\base\supp-pdf.mkii"
[Loading MPS to PDF converter (version 2006.09.02).]
\scratchcounter=\count142
\scratchdimen=\dimen144
\scratchbox=\box37
\nofMPsegments=\count143
\nofMParguments=\count144
\everyMPshowfont=\toks43
\MPscratchCnt=\count145
\MPscratchDim=\dimen145
\MPnumerator=\count146
\makeMPintoPDFobject=\count147
\everyMPtoPDFconversion=\toks44
)
*geometry* driver: auto-detecting
*geometry* detected driver: pdftex
*geometry* verbose mode - [ preamble ] result:
* driver: pdftex
* paper: a4paper
* layout: <same size as paper>
* layoutoffset:(h,v)=(0.0pt,0.0pt)
* modes: 
* h-part:(L,W,R)=(85.35826pt, 426.79134pt, 85.35828pt)
* v-part:(T,H,B)=(85.35826pt, 674.33032pt, 85.35826pt)
* \paperwidth=597.50787pt
* \paperheight=845.04684pt
* \textwidth=426.79134pt
* \textheight=674.33032pt
* \oddsidemargin=13.08827pt
* \evensidemargin=13.08827pt
* \topmargin=-23.91173pt
* \headheight=12.0pt
* \headsep=25.0pt
* \topskip=12.0pt
* \footskip=30.0pt
* \marginparwidth=44.0pt
* \marginparsep=10.0pt
* \columnsep=10.0pt
* \skip\footins=10.8pt plus 4.0pt minus 2.0pt
* \hoffset=0.0pt
* \voffset=0.0pt
* \mag=1000
* \@twocolumnfalse
* \@twosidefalse
* \@mparswitchfalse
* \@reversemarginfalse
* (1in=72.27pt=25.4mm, 1cm=28.453pt)

("F:\New Data\Thesis\ThesisTemplate 2.0.0\thesis.glsdefs")
LaTeX Font Info:    Font shape `OT1/ptm/bx/n' in size <14.4> not available
(Font)              Font shape `OT1/ptm/b/n' tried instead on input line 108.
LaTeX Font Info:    Font shape `OT1/ptm/bx/n' in size <12> not available
(Font)              Font shape `OT1/ptm/b/n' tried instead on input line 116.

<images/logo-itb.jpg, id=1, 449.2785pt x 660.066pt>
File: images/logo-itb.jpg Graphic file (type jpg)
 <use images/logo-itb.jpg>
Package pdftex.def Info: images/logo-itb.jpg used on input line 125.
(pdftex.def)             Requested size: 89.8541pt x 132.01085pt.

[1

{C:/ProgramData/MiKTeX/2.9/pdftex/config/pdftex.map} <F:/New Data/Thesis/Thesis
Template 2.0.0/images/logo-itb.jpg>]
LaTeX Font Info:    Font shape `OT1/ptm/bx/n' in size <24.88> not available
(Font)              Font shape `OT1/ptm/b/n' tried instead on input line 137.
 [1



]
("F:\New Data\Thesis\ThesisTemplate 2.0.0\thesis.toc"

! LaTeX Error: Something's wrong--perhaps a missing \item.

See the LaTeX manual or LaTeX Companion for explanation.
Type  H <return>  for immediate help.
 ...                                              
                                                  
l.3 \contentsline {chapter}{Contents}{iv}
                                         
Try typing  <return>  to proceed.
If that doesn't work, type  X <return>  to quit.

[2

]

Package Fancyhdr Warning: \headheight is too small (12.0pt): 
 Make it at least 14.49998pt.
 We now make it that large for the rest of the document.
 This may cause the page layout to be inconsistent, however.

[3])
\tf@toc=\write8
 [4] ("F:\New Data\Thesis\ThesisTemplate 2.0.0\thesis.lot")
\tf@lot=\write9
 [5

]
("F:\New Data\Thesis\ThesisTemplate 2.0.0\thesis.lof" [6

])
\tf@lof=\write10

("F:\New Data\Thesis\ThesisTemplate 2.0.0\thesis.gls" [7]

Package glossaries Warning: Glossary entry `BNPB' has not been defined on input
 line 5.


Package glossaries Warning: Glossary entry `BNPB' has not been defined on input
 line 5.


Package glossaries Warning: Glossary entry `hfa' has not been defined on input 
line 11.


Package glossaries Warning: Glossary entry `hfa' has not been defined on input 
line 11.

) ("F:\New Data\Thesis\ThesisTemplate 2.0.0\thesis.acr" [8


]) [9


]
("F:\New Data\Thesis\ThesisTemplate 2.0.0\chapters\chapter01.tex"
Chapter 1.
LaTeX Font Info:    Font shape `OT1/ptm/bx/n' in size <17.28> not available
(Font)              Font shape `OT1/ptm/b/n' tried instead on input line 1.
<images/StatistikBencana.png, id=37, 505.13719pt x 275.52937pt>
File: images/StatistikBencana.png Graphic file (type png)

<use images/StatistikBencana.png>
Package pdftex.def Info: images/StatistikBencana.png used on input line 8.
(pdftex.def)             Requested size: 353.59361pt x 192.86923pt.


LaTeX Warning: `!h' float specifier changed to `!ht'.

[1

]
Overfull \hbox (6.05684pt too wide) in paragraph at lines 18--18
[]\OT1/ptm/m/n/12 According to na-tional progress re-port on the im-ple-men-ta-
tion of HFA (2011-2013)[[]],
 []

[2 <F:/New Data/Thesis/ThesisTemplate 2.0.0/images/StatistikBencana.png>]
[3] [4]) ("F:\New Data\Thesis\ThesisTemplate 2.0.0\chapters\chapter02.tex"
[5]
Chapter 2.
LaTeX Font Info:    Font shape `OT1/ptm/bx/n' in size <10.95> not available
(Font)              Font shape `OT1/ptm/b/n' tried instead on input line 5.

Underfull \hbox (badness 10000) in paragraph at lines 41--41
[]|\OT1/ptm/m/n/12 Informatics
 []

[6

] <images/sed.png, id=58, 424.58624pt x 419.28645pt>
File: images/sed.png Graphic file (type png)
 <use images/sed.png>
Package pdftex.def Info: images/sed.png used on input line 53.
(pdftex.def)             Requested size: 297.20834pt x 293.4985pt.

[7] [8 <F:/New Data/Thesis/ThesisTemplate 2.0.0/images/sed.png>]
<images/ServiceEgineeringFramework.png, id=65, 388.652pt x 125.268pt>
File: images/ServiceEgineeringFramework.png Graphic file (type png)

<use images/ServiceEgineeringFramework.png>
Package pdftex.def Info: images/ServiceEgineeringFramework.png used on input li
ne 67.
(pdftex.def)             Requested size: 272.05453pt x 87.687pt.
 [9 <F:/New Data/Thesis/ThesisTemplate 2.0.0/images/ServiceEgineeringFramework.
png>] [10]
<images/contohUML.jpg, id=75, 501.875pt x 399.4925pt>
File: images/contohUML.jpg Graphic file (type jpg)

<use images/contohUML.jpg>
Package pdftex.def Info: images/contohUML.jpg used on input line 91.
(pdftex.def)             Requested size: 200.74643pt x 159.79416pt.
 [11 <F:/New Data/Thesis/ThesisTemplate 2.0.0/images/contohUML.jpg>] <images/gi
s.jpg, id=79, 1027.84pt x 908.39375pt>
File: images/gis.jpg Graphic file (type jpg)

<use images/gis.jpg>
Package pdftex.def Info: images/gis.jpg used on input line 103.
(pdftex.def)             Requested size: 308.35437pt x 272.52023pt.
 [12 <F:/New Data/Thesis/ThesisTemplate 2.0.0/images/gis.jpg>] [13] <images/haz
ardBagan.jpg, id=86, 633.11531pt x 487.06969pt>
File: images/hazardBagan.jpg Graphic file (type jpg)

<use images/hazardBagan.jpg>
Package pdftex.def Info: images/hazardBagan.jpg used on input line 133.
(pdftex.def)             Requested size: 316.55687pt x 243.53424pt.
 [14] [15 <F:/New Data/Thesis/ThesisTemplate 2.0.0/images/hazardBagan.jpg>] [16
]
<images/common-emergency.jpg, id=97, 220.825pt x 220.825pt>
File: images/common-emergency.jpg Graphic file (type jpg)

<use images/common-emergency.jpg>
Package pdftex.def Info: images/common-emergency.jpg used on input line 169.
(pdftex.def)             Requested size: 154.57643pt x 154.57643pt.
 [17 <F:/New Data/Thesis/ThesisTemplate 2.0.0/images/common-emergency.jpg>])
("F:\New Data\Thesis\ThesisTemplate 2.0.0\chapters\chapter03.tex" [18]
Chapter 3.
<images/DRMFramework.jpg, id=104, 645.16031pt x 447.92343pt>
File: images/DRMFramework.jpg Graphic file (type jpg)

<use images/DRMFramework.jpg>
Package pdftex.def Info: images/DRMFramework.jpg used on input line 7.
(pdftex.def)             Requested size: 322.57936pt x 223.96117pt.
 [19

 <F:/New Data/Thesis/ThesisTemplate 2.0.0/images/DRMFramework.jpg>] [20]
<images/LangkahPenelitian.png, id=111, 609.477pt x 205.568pt>
File: images/LangkahPenelitian.png Graphic file (type png)

<use images/LangkahPenelitian.png>
Package pdftex.def Info: images/LangkahPenelitian.png used on input line 39.
(pdftex.def)             Requested size: 365.68903pt x 123.34174pt.
 [21])
("F:\New Data\Thesis\ThesisTemplate 2.0.0\chapters\chapter04.tex" [22 <F:/New D
ata/Thesis/ThesisTemplate 2.0.0/images/LangkahPenelitian.png>]
Chapter 4.
<images/idm.jpg, id=120, 361.35pt x 216.81pt>
File: images/idm.jpg Graphic file (type jpg)
 <use images/idm.jpg>
Package pdftex.def Info: images/idm.jpg used on input line 12.
(pdftex.def)             Requested size: 307.14896pt x 184.28935pt.
 [23

 <F:/New Data/Thesis/ThesisTemplate 2.0.0/images/idm.jpg>]
<images/BMbeforeSOA.png, id=124, 612.03656pt x 360.59718pt>
File: images/BMbeforeSOA.png Graphic file (type png)

<use images/BMbeforeSOA.png>
Package pdftex.def Info: images/BMbeforeSOA.png used on input line 26.
(pdftex.def)             Requested size: 367.22476pt x 216.35997pt.
 [24]
<images/BMafterSOA.png, id=128, 749.04843pt x 837.88031pt>
File: images/BMafterSOA.png Graphic file (type png)

<use images/BMafterSOA.png>
Package pdftex.def Info: images/BMafterSOA.png used on input line 37.
(pdftex.def)             Requested size: 374.5233pt x 418.93913pt.
 [25 <F:/New Data/Thesis/ThesisTemplate 2.0.0/images/BMbeforeSOA.png>] [26 <F:/
New Data/Thesis/ThesisTemplate 2.0.0/images/BMafterSOA.png>] [27] <images/SWOTA
nalysis.png, id=141, 1043.9pt x 766.062pt>
File: images/SWOTAnalysis.png Graphic file (type png)

<use images/SWOTAnalysis.png>
Package pdftex.def Info: images/SWOTAnalysis.png used on input line 65.
(pdftex.def)             Requested size: 417.5526pt x 306.41936pt.

<images/desainSOA.png, id=142, 545.78906pt x 416.30531pt>
File: images/desainSOA.png Graphic file (type png)

<use images/desainSOA.png>
Package pdftex.def Info: images/desainSOA.png used on input line 78.
(pdftex.def)             Requested size: 382.04973pt x 291.41173pt.
 [28 <F:/New Data/Thesis/ThesisTemplate 2.0.0/images/SWOTAnalysis.png>] [29 <F:
/New Data/Thesis/ThesisTemplate 2.0.0/images/desainSOA.png>] <images/serviceMet
aModel.png, id=151, 360.59718pt x 208.52907pt>
File: images/serviceMetaModel.png Graphic file (type png)

<use images/serviceMetaModel.png>
Package pdftex.def Info: images/serviceMetaModel.png used on input line 88.
(pdftex.def)             Requested size: 288.47813pt x 166.82347pt.
 [30 <F:/New Data/Thesis/ThesisTemplate 2.0.0/images/serviceMetaModel.png>]
<images/idms.png, id=156, 414.1071pt x 421.575pt>
File: images/idms.png Graphic file (type png)
 <use images/idms.png>
Package pdftex.def Info: images/idms.png used on input line 102.
(pdftex.def)             Requested size: 289.87299pt x 295.10048pt.

[31 <F:/New Data/Thesis/ThesisTemplate 2.0.0/images/idms.png>] [32]
<images/ServiceBlueprint.png, id=163, 878.53218pt x 443.40656pt>
File: images/ServiceBlueprint.png Graphic file (type png)

<use images/ServiceBlueprint.png>
Package pdftex.def Info: images/ServiceBlueprint.png used on input line 119.
(pdftex.def)             Requested size: 702.82669pt x 354.72572pt.

Overfull \hbox (28.49637pt too wide) in paragraph at lines 119--120
 [][] 
 []

[33

 <F:/New Data/Thesis/ThesisTemplate 2.0.0/images/ServiceBlueprint.png>]
[34

] [35] <images/candidatesService.png, id=175, 436.832pt x 269.005pt>
File: images/candidatesService.png Graphic file (type png)

<use images/candidatesService.png>
Package pdftex.def Info: images/candidatesService.png used on input line 178.
(pdftex.def)             Requested size: 262.10121pt x 161.40424pt.

<images/ERDDiagram1.png, id=176, 618.31pt x 429.605pt>
File: images/ERDDiagram1.png Graphic file (type png)

<use images/ERDDiagram1.png>
Package pdftex.def Info: images/ERDDiagram1.png used on input line 188.
(pdftex.def)             Requested size: 370.98886pt x 257.76498pt.
 [36 <F:/New Data/Thesis/ThesisTemplate 2.0.0/images/candidatesService.png>]
Overfull \hbox (7.77359pt too wide) in paragraph at lines 215--215
 []|\OT1/ptm/m/n/12 Communities| 
 []


Overfull \hbox (2.72224pt too wide) in paragraph at lines 217--217
 []|\OT1/ptm/m/n/12 Government| 
 []


Overfull \hbox (4.9658pt too wide) in paragraph at lines 219--219
 []|\OT1/ptm/m/n/12 Stakeholders 
 []


Overfull \hbox (33.94717pt too wide) in paragraph at lines 211--224
 [] 
 []

[37 <F:/New Data/Thesis/ThesisTemplate 2.0.0/images/ERDDiagram1.png>]
<images/reidentifiedService.png, id=185, 510.708pt x 269.005pt>
File: images/reidentifiedService.png Graphic file (type png)

<use images/reidentifiedService.png>
Package pdftex.def Info: images/reidentifiedService.png used on input line 240.

(pdftex.def)             Requested size: 357.49315pt x 188.3022pt.
 [38 <F:/New Data/Thesis/ThesisTemplate 2.0.0/images/reidentifiedService.png>]
<images/ServiceComposition.png, id=190, 733.139pt x 546.843pt>
File: images/ServiceComposition.png Graphic file (type png)

<use images/ServiceComposition.png>
Package pdftex.def Info: images/ServiceComposition.png used on input line 252.
(pdftex.def)             Requested size: 439.8868pt x 328.10832pt.

Overfull \hbox (13.09546pt too wide) in paragraph at lines 252--254
 [][] 
 []

[39 <F:/New Data/Thesis/ThesisTemplate 2.0.0/images/ServiceComposition.png>]
<images/authenticationService.png, id=196, 580.1675pt x 515.9275pt>
File: images/authenticationService.png Graphic file (type png)

<use images/authenticationService.png>
Package pdftex.def Info: images/authenticationService.png used on input line 27
6.
(pdftex.def)             Requested size: 290.08302pt x 257.96312pt.

<images/UtilityService.png, id=197, 840.13875pt x 711.65875pt>
File: images/UtilityService.png Graphic file (type png)

<use images/UtilityService.png>
Package pdftex.def Info: images/UtilityService.png used on input line 284.
(pdftex.def)             Requested size: 336.04955pt x 284.65845pt.
 [40 <F:/New Data/Thesis/ThesisTemplate 2.0.0/images/authenticationService.png>
]
<images/GovernmentService.png, id=202, 853.1875pt x 599.23875pt>
File: images/GovernmentService.png Graphic file (type png)

<use images/GovernmentService.png>
Package pdftex.def Info: images/GovernmentService.png used on input line 292.
(pdftex.def)             Requested size: 341.26895pt x 239.69125pt.

<images/StakeholdersService.png, id=203, 767.86874pt x 684.5575pt>
File: images/StakeholdersService.png Graphic file (type png)

<use images/StakeholdersService.png>
Package pdftex.def Info: images/StakeholdersService.png used on input line 300.

(pdftex.def)             Requested size: 383.93343pt x 342.27791pt.
 [41 <F:/New Data/Thesis/ThesisTemplate 2.0.0/images/UtilityService.png> <F:/Ne
w Data/Thesis/ThesisTemplate 2.0.0/images/GovernmentService.png>]
<images/EvacuationPointService.png, id=209, 623.32875pt x 350.30875pt>
File: images/EvacuationPointService.png Graphic file (type png)

<use images/EvacuationPointService.png>
Package pdftex.def Info: images/EvacuationPointService.png used on input line 3
08.
(pdftex.def)             Requested size: 311.6636pt x 175.15395pt.
 [42 <F:/New Data/Thesis/ThesisTemplate 2.0.0/images/StakeholdersService.png> <
F:/New Data/Thesis/ThesisTemplate 2.0.0/images/EvacuationPointService.png>] [43
] [44]
<images/html5.png, id=222, 1668.9853pt x 922.19531pt>
File: images/html5.png Graphic file (type png)
 <use images/html5.png>
Package pdftex.def Info: images/html5.png used on input line 380.
(pdftex.def)             Requested size: 417.2453pt x 230.54826pt.

<images/UserComDiagram.png, id=223, 491.8375pt x 303.1325pt>
File: images/UserComDiagram.png Graphic file (type png)

<use images/UserComDiagram.png>
Package pdftex.def Info: images/UserComDiagram.png used on input line 393.
(pdftex.def)             Requested size: 196.7315pt x 121.25084pt.
 [45 <F:/New Data/Thesis/ThesisTemplate 2.0.0/images/html5.png>] <images/UserGo
vDiagram.png, id=228, 455.7025pt x 188.705pt>
File: images/UserGovDiagram.png Graphic file (type png)

<use images/UserGovDiagram.png>
Package pdftex.def Info: images/UserGovDiagram.png used on input line 426.
(pdftex.def)             Requested size: 182.27776pt x 75.48065pt.
 [46 <F:/New Data/Thesis/ThesisTemplate 2.0.0/images/UserComDiagram.png>]
<images/UserStkDiagram.png, id=233, 525.965pt x 260.975pt>
File: images/UserStkDiagram.png Graphic file (type png)

<use images/UserStkDiagram.png>
Package pdftex.def Info: images/UserStkDiagram.png used on input line 454.
(pdftex.def)             Requested size: 210.38226pt x 104.38815pt.
 [47 <F:/New Data/Thesis/ThesisTemplate 2.0.0/images/UserGovDiagram.png> <F:/Ne
w Data/Thesis/ThesisTemplate 2.0.0/images/UserStkDiagram.png>] <images/MainUseC
aseDiagram.png, id=239, 606.265pt x 381.425pt>
File: images/MainUseCaseDiagram.png Graphic file (type png)

<use images/MainUseCaseDiagram.png>
Package pdftex.def Info: images/MainUseCaseDiagram.png used on input line 484.
(pdftex.def)             Requested size: 303.13176pt x 190.71202pt.
 [48 <F:/New Data/Thesis/ThesisTemplate 2.0.0/images/MainUseCaseDiagram.png>]
<images/techUsed.png, id=244, 499.11469pt x 401.24907pt>
File: images/techUsed.png Graphic file (type png)

<use images/techUsed.png>
Package pdftex.def Info: images/techUsed.png used on input line 499.
(pdftex.def)             Requested size: 299.47112pt x 240.75128pt.
)
("F:\New Data\Thesis\ThesisTemplate 2.0.0\chapters\chapter05.tex" [49 <F:/New D
ata/Thesis/ThesisTemplate 2.0.0/images/techUsed.png>]
Chapter 5.
[50

]) ("F:\New Data\Thesis\ThesisTemplate 2.0.0\thesis.bbl" [51]
LaTeX Font Info:    Try loading font information for OT1+pcr on input line 6.

("C:\Program Files (x86)\MiKTeX 2.9\tex\latex\psnfss\ot1pcr.fd"
File: ot1pcr.fd 2001/06/04 font definitions for OT1/pcr.
)
Underfull \hbox (badness 10000) in paragraph at lines 15--20
$\OT1/pcr/m/n/12 http : / / www . ibm . com / developerworks / rational / libra
ry / 769 .$
 []


Underfull \hbox (badness 1803) in paragraph at lines 22--27
[]\OT1/ptm/m/n/12 nationalgeographic.org.  Ge-o-graphic in-for-ma-tion sys-tem(
gis).  re-trieved at:
 []


Underfull \hbox (badness 10000) in paragraph at lines 22--27
$\OT1/pcr/m/n/12 http : / / nationalgeographic . org / encyclopedia / geographi
c -[]$
 []


Underfull \hbox (badness 3058) in paragraph at lines 36--40
[]\OT1/ptm/m/n/12 https://emergency.unt.edu/.  Emer-gency cy-cle.  re-trieved a
t: $\OT1/pcr/m/n/12 https : / /$
 []


Underfull \hbox (badness 10000) in paragraph at lines 59--64
[]\OT1/ptm/m/n/12 http://www.inmotionhosting.com.  Html 5 com-pat-i-bly.  re-tr
ieved at:
 []


Underfull \hbox (badness 10000) in paragraph at lines 59--64
$\OT1/pcr/m/n/12 http : / / www . inmotionhosting . com / img / infographics / 
html5 _$
 []


Underfull \hbox (badness 2245) in paragraph at lines 59--64
$\OT1/pcr/m/n/12 cheat _ sheet _ browser _ support . png$ \OT1/ptm/m/n/12 last 
ac-cessed on Thurs-day 18th
 []

[52

]
Underfull \hbox (badness 1762) in paragraph at lines 71--76
[]\OT1/ptm/m/n/12 antarajateng.com.  Alat pen-de-teksi tsunami hi-lang.  re-tri
eved at: $\OT1/pcr/m/n/12 http :$
 []


Underfull \hbox (badness 10000) in paragraph at lines 71--76
$\OT1/pcr/m/n/12 / / www . antarajateng . com / detail / menristek -[] banyak -
[] alat -[]$
 []


Underfull \hbox (badness 1603) in paragraph at lines 71--76
$\OT1/pcr/m/n/12 deteksi -[] dini -[] tsunami -[] hilang . html$ \OT1/ptm/m/n/1
2 last ac-cessed on Thurs-day 6th
 []


Underfull \hbox (badness 10000) in paragraph at lines 89--93
\OT1/ptm/m/n/12 at: $\OT1/pcr/m/n/12 http : / / www . service -[] architecture 
. com / articles / web -[]$
 []


Underfull \hbox (badness 10000) in paragraph at lines 89--93
$\OT1/pcr/m/n/12 services / service -[] oriented _ architecture _ soa _ definit
ion .$
 []


Underfull \hbox (badness 10000) in paragraph at lines 107--112
[]\OT1/ptm/m/n/12 techopedia.com.  Lo-ca-tion based ser-vices.  re-trieved at: 
$\OT1/pcr/m/n/12 https :$
 []


Underfull \hbox (badness 10000) in paragraph at lines 107--112
$\OT1/pcr/m/n/12 / / www . techopedia . com / definition / 12888 / location -[]
 based -[]$
 []

[53] [54]) [55] ("F:\New Data\Thesis\ThesisTemplate 2.0.0\thesis.aux")

LaTeX Warning: There were multiply-defined labels.

 ) 
Here is how much of TeX's memory you used:
 12317 strings out of 493921
 201196 string characters out of 3144879
 412009 words of memory out of 3000000
 15282 multiletter control sequences out of 15000+200000
 23712 words of font info for 49 fonts, out of 3000000 for 9000
 841 hyphenation exceptions out of 8191
 46i,13n,43p,1940b,407s stack positions out of 5000i,500n,10000p,200000b,50000s
{C:/Program Files (x86)/MiKTeX 2.9/fonts/enc/dvips/fontname/8r.enc}<C:/Progra
m Files (x86)/MiKTeX 2.9/fonts/type1/public/amsfonts/cm/cmmi12.pfb><C:/Program 
Files (x86)/MiKTeX 2.9/fonts/type1/urw/courier/ucrr8a.pfb><C:/Program Files (x8
6)/MiKTeX 2.9/fonts/type1/urw/times/utmb8a.pfb><C:/Program Files (x86)/MiKTeX 2
.9/fonts/type1/urw/times/utmr8a.pfb><C:/Program Files (x86)/MiKTeX 2.9/fonts/ty
pe1/urw/times/utmr8a.pfb><C:/Program Files (x86)/MiKTeX 2.9/fonts/type1/urw/tim
es/utmri8a.pfb>
Output written on thesis.pdf (65 pages, 2734283 bytes).
PDF statistics:
 292 PDF objects out of 1000 (max. 8388607)
 0 named destinations out of 1000 (max. 500000)
 166 words of extra memory for PDF output out of 10000 (max. 10000000)

